This is pdfTeX, Version 3.14159265-2.6-1.40.17 (MiKTeX 2.9 64-bit) (preloaded format=pdflatex 2016.7.22)  13 APR 2017 20:56
entering extended mode
**./placement.tex
(placement.tex
LaTeX2e <2016/03/31>
Babel <3.9r> and hyphenation patterns for 75 language(s) loaded.
(IEEEtran.cls
Document Class: IEEEtran 2014/09/17 V1.8a by Michael Shell
-- See the "IEEEtran_HOWTO" manual for usage information.
-- http://www.michaelshell.org/tex/ieeetran/
\@IEEEtrantmpdimenA=\dimen102
\@IEEEtrantmpdimenB=\dimen103
\@IEEEtrantmpdimenC=\dimen104
\@IEEEtrantmpcountA=\count79
\@IEEEtrantmpcountB=\count80
\@IEEEtrantmpcountC=\count81
\@IEEEtrantmptoksA=\toks14
LaTeX Font Info:    Try loading font information for OT1+ptm on input line 458.

(D:\latex\miktex\tex\latex\psnfss\ot1ptm.fd
File: ot1ptm.fd 2001/06/04 font definitions for OT1/ptm.
)
-- Using 8.5in x 11in (letter) paper.
-- Using PDF output.
\@IEEEnormalsizeunitybaselineskip=\dimen105
-- This is a 10 point document.
\CLASSINFOnormalsizebaselineskip=\dimen106
\CLASSINFOnormalsizeunitybaselineskip=\dimen107
\IEEEnormaljot=\dimen108
LaTeX Font Info:    Font shape `OT1/ptm/bx/n' in size <5> not available
(Font)              Font shape `OT1/ptm/b/n' tried instead on input line 1039.
LaTeX Font Info:    Font shape `OT1/ptm/bx/it' in size <5> not available
(Font)              Font shape `OT1/ptm/b/it' tried instead on input line 1039.

LaTeX Font Info:    Font shape `OT1/ptm/bx/n' in size <7> not available
(Font)              Font shape `OT1/ptm/b/n' tried instead on input line 1039.
LaTeX Font Info:    Font shape `OT1/ptm/bx/it' in size <7> not available
(Font)              Font shape `OT1/ptm/b/it' tried instead on input line 1039.

LaTeX Font Info:    Font shape `OT1/ptm/bx/n' in size <8> not available
(Font)              Font shape `OT1/ptm/b/n' tried instead on input line 1039.
LaTeX Font Info:    Font shape `OT1/ptm/bx/it' in size <8> not available
(Font)              Font shape `OT1/ptm/b/it' tried instead on input line 1039.

LaTeX Font Info:    Font shape `OT1/ptm/bx/n' in size <9> not available
(Font)              Font shape `OT1/ptm/b/n' tried instead on input line 1039.
LaTeX Font Info:    Font shape `OT1/ptm/bx/it' in size <9> not available
(Font)              Font shape `OT1/ptm/b/it' tried instead on input line 1039.

LaTeX Font Info:    Font shape `OT1/ptm/bx/n' in size <10> not available
(Font)              Font shape `OT1/ptm/b/n' tried instead on input line 1039.
LaTeX Font Info:    Font shape `OT1/ptm/bx/it' in size <10> not available
(Font)              Font shape `OT1/ptm/b/it' tried instead on input line 1039.

LaTeX Font Info:    Font shape `OT1/ptm/bx/n' in size <11> not available
(Font)              Font shape `OT1/ptm/b/n' tried instead on input line 1039.
LaTeX Font Info:    Font shape `OT1/ptm/bx/it' in size <11> not available
(Font)              Font shape `OT1/ptm/b/it' tried instead on input line 1039.

LaTeX Font Info:    Font shape `OT1/ptm/bx/n' in size <12> not available
(Font)              Font shape `OT1/ptm/b/n' tried instead on input line 1039.
LaTeX Font Info:    Font shape `OT1/ptm/bx/it' in size <12> not available
(Font)              Font shape `OT1/ptm/b/it' tried instead on input line 1039.

LaTeX Font Info:    Font shape `OT1/ptm/bx/n' in size <17> not available
(Font)              Font shape `OT1/ptm/b/n' tried instead on input line 1039.
LaTeX Font Info:    Font shape `OT1/ptm/bx/it' in size <17> not available
(Font)              Font shape `OT1/ptm/b/it' tried instead on input line 1039.

LaTeX Font Info:    Font shape `OT1/ptm/bx/n' in size <20> not available
(Font)              Font shape `OT1/ptm/b/n' tried instead on input line 1039.
LaTeX Font Info:    Font shape `OT1/ptm/bx/it' in size <20> not available
(Font)              Font shape `OT1/ptm/b/it' tried instead on input line 1039.

LaTeX Font Info:    Font shape `OT1/ptm/bx/n' in size <24> not available
(Font)              Font shape `OT1/ptm/b/n' tried instead on input line 1039.
LaTeX Font Info:    Font shape `OT1/ptm/bx/it' in size <24> not available
(Font)              Font shape `OT1/ptm/b/it' tried instead on input line 1039.

\IEEEquantizedlength=\dimen109
\IEEEquantizedlengthdiff=\dimen110
\IEEEquantizedtextheightdiff=\dimen111
\IEEEilabelindentA=\dimen112
\IEEEilabelindentB=\dimen113
\IEEEilabelindent=\dimen114
\IEEEelabelindent=\dimen115
\IEEEdlabelindent=\dimen116
\IEEElabelindent=\dimen117
\IEEEiednormlabelsep=\dimen118
\IEEEiedmathlabelsep=\dimen119
\IEEEiedtopsep=\skip41
\c@section=\count82
\c@subsection=\count83
\c@subsubsection=\count84
\c@paragraph=\count85
\c@IEEEsubequation=\count86
\abovecaptionskip=\skip42
\belowcaptionskip=\skip43
\c@figure=\count87
\c@table=\count88
\@IEEEeqnnumcols=\count89
\@IEEEeqncolcnt=\count90
\@IEEEsubeqnnumrollback=\count91
\@IEEEquantizeheightA=\dimen120
\@IEEEquantizeheightB=\dimen121
\@IEEEquantizeheightC=\dimen122
\@IEEEquantizeprevdepth=\dimen123
\@IEEEquantizemultiple=\count92
\@IEEEquantizeboxA=\box26
\@IEEEtmpitemindent=\dimen124
\c@IEEEbiography=\count93
\@IEEEtranrubishbin=\box27
)
** ATTENTION: Overriding command lockouts (line 5).
(D:\latex\miktex\tex\latex\graphics\color.sty
Package: color 2016/05/09 v1.1c Standard LaTeX Color (DPC)

(D:\latex\miktex\tex\latex\00miktex\color.cfg
File: color.cfg 2016/01/02 v1.6 sample color configuration
)
Package color Info: Driver file: pdftex.def on input line 144.

(D:\latex\miktex\tex\latex\pdftex-def\pdftex.def
File: pdftex.def 2011/05/27 v0.06d Graphics/color for pdfTeX

(D:\latex\miktex\tex\generic\oberdiek\infwarerr.sty
Package: infwarerr 2016/05/16 v1.4 Providing info/warning/error messages (HO)
)
(D:\latex\miktex\tex\generic\oberdiek\ltxcmds.sty
Package: ltxcmds 2016/05/16 v1.23 LaTeX kernel commands for general use (HO)
)
\Gread@gobject=\count94
))
(D:\latex\miktex\tex\latex\graphics\graphicx.sty
Package: graphicx 2014/10/28 v1.0g Enhanced LaTeX Graphics (DPC,SPQR)

(D:\latex\miktex\tex\latex\graphics\keyval.sty
Package: keyval 2014/10/28 v1.15 key=value parser (DPC)
\KV@toks@=\toks15
)
(D:\latex\miktex\tex\latex\graphics\graphics.sty
Package: graphics 2016/05/09 v1.0r Standard LaTeX Graphics (DPC,SPQR)

(D:\latex\miktex\tex\latex\graphics\trig.sty
Package: trig 2016/01/03 v1.10 sin cos tan (DPC)
)
(D:\latex\miktex\tex\latex\00miktex\graphics.cfg
File: graphics.cfg 2016/01/02 v1.10 sample graphics configuration
)
Package graphics Info: Driver file: pdftex.def on input line 96.
)
\Gin@req@height=\dimen125
\Gin@req@width=\dimen126
)
(D:\latex\miktex\tex\latex\tools\tabularx.sty
Package: tabularx 2016/02/03 v2.11 `tabularx' package (DPC)

(D:\latex\miktex\tex\latex\tools\array.sty
Package: array 2014/10/28 v2.4c Tabular extension package (FMi)
\col@sep=\dimen127
\extrarowheight=\dimen128
\NC@list=\toks16
\extratabsurround=\skip44
\backup@length=\skip45
)
\TX@col@width=\dimen129
\TX@old@table=\dimen130
\TX@old@col=\dimen131
\TX@target=\dimen132
\TX@delta=\dimen133
\TX@cols=\count95
\TX@ftn=\toks17
)
(D:\latex\miktex\tex\latex\algorithms\algorithm.sty
Package: algorithm 2009/08/24 v0.1 Document Style `algorithm' - floating enviro
nment

(D:\latex\miktex\tex\latex\float\float.sty
Package: float 2001/11/08 v1.3d Float enhancements (AL)
\c@float@type=\count96
\float@exts=\toks18
\float@box=\box28
\@float@everytoks=\toks19
\@floatcapt=\box29
)
(D:\latex\miktex\tex\latex\base\ifthen.sty
Package: ifthen 2014/09/29 v1.1c Standard LaTeX ifthen package (DPC)
)
\@float@every@algorithm=\toks20
\c@algorithm=\count97
)
(D:\latex\miktex\tex\latex\algorithmicx\algorithmicx.sty
Package: algorithmicx 2005/04/27 v1.2 Algorithmicx

Document Style algorithmicx 1.2 - a greatly improved `algorithmic' style
\c@ALG@line=\count98
\c@ALG@rem=\count99
\c@ALG@nested=\count100
\ALG@tlm=\skip46
\ALG@thistlm=\skip47
\c@ALG@Lnr=\count101
\c@ALG@blocknr=\count102
\c@ALG@storecount=\count103
\c@ALG@tmpcounter=\count104
\ALG@tmplength=\skip48
) (D:\latex\miktex\tex\latex\algorithmicx\algpseudocode.sty
Package: algpseudocode 

Document Style - pseudocode environments for use with the `algorithmicx' style
) (D:\latex\miktex\tex\latex\amsfonts\amssymb.sty
Package: amssymb 2013/01/14 v3.01 AMS font symbols

(D:\latex\miktex\tex\latex\amsfonts\amsfonts.sty
Package: amsfonts 2013/01/14 v3.01 Basic AMSFonts support
\@emptytoks=\toks21
\symAMSa=\mathgroup4
\symAMSb=\mathgroup5
LaTeX Font Info:    Overwriting math alphabet `\mathfrak' in version `bold'
(Font)                  U/euf/m/n --> U/euf/b/n on input line 106.
))
(D:\latex\miktex\tex\latex\amsmath\amsmath.sty
Package: amsmath 2016/03/10 v2.15b AMS math features
\@mathmargin=\skip49

For additional information on amsmath, use the `?' option.
(D:\latex\miktex\tex\latex\amsmath\amstext.sty
Package: amstext 2000/06/29 v2.01 AMS text

(D:\latex\miktex\tex\latex\amsmath\amsgen.sty
File: amsgen.sty 1999/11/30 v2.0 generic functions
\@emptytoks=\toks22
\ex@=\dimen134
))
(D:\latex\miktex\tex\latex\amsmath\amsbsy.sty
Package: amsbsy 1999/11/29 v1.2d Bold Symbols
\pmbraise@=\dimen135
)
(D:\latex\miktex\tex\latex\amsmath\amsopn.sty
Package: amsopn 2016/03/08 v2.02 operator names
)
\inf@bad=\count105
LaTeX Info: Redefining \frac on input line 199.
\uproot@=\count106
\leftroot@=\count107
LaTeX Info: Redefining \overline on input line 297.
\classnum@=\count108
\DOTSCASE@=\count109
LaTeX Info: Redefining \ldots on input line 394.
LaTeX Info: Redefining \dots on input line 397.
LaTeX Info: Redefining \cdots on input line 518.
\Mathstrutbox@=\box30
\strutbox@=\box31
\big@size=\dimen136
LaTeX Font Info:    Redeclaring font encoding OML on input line 634.
LaTeX Font Info:    Redeclaring font encoding OMS on input line 635.
\macc@depth=\count110
\c@MaxMatrixCols=\count111
\dotsspace@=\muskip10
\c@parentequation=\count112
\dspbrk@lvl=\count113
\tag@help=\toks23
\row@=\count114
\column@=\count115
\maxfields@=\count116
\andhelp@=\toks24
\eqnshift@=\dimen137
\alignsep@=\dimen138
\tagshift@=\dimen139
\tagwidth@=\dimen140
\totwidth@=\dimen141
\lineht@=\dimen142
\@envbody=\toks25
\multlinegap=\skip50
\multlinetaggap=\skip51
\mathdisplay@stack=\toks26
LaTeX Info: Redefining \[ on input line 2739.
LaTeX Info: Redefining \] on input line 2740.
)
(D:\latex\miktex\tex\latex\subfigure\subfigure.sty
Package: subfigure 2002/07/30 v2.1.4 subfigure package
\subfigtopskip=\skip52
\subfigcapskip=\skip53
\subfigcaptopadj=\dimen143
\subfigbottomskip=\skip54
\subfigcapmargin=\dimen144
\subfiglabelskip=\skip55
\c@subfigure=\count117
\c@lofdepth=\count118
\c@subtable=\count119
\c@lotdepth=\count120

****************************************
* Local config file subfigure.cfg used *
****************************************
(D:\latex\miktex\tex\latex\subfigure\subfigure.cfg)
\subfig@top=\skip56
\subfig@bottom=\skip57
)
(D:\latex\miktex\tex\latex\sttools\flushend.sty
Package: flushend 2016/06/21 v3.2 Balancing columns in twocolumn mode
\flushend@@lastskip@a=\skip58
\flushend@@lastskip@b=\skip59
\flushend@@lastskip@c=\skip60
\flushend@@penalty@a=\count121
\flushend@@lastkern@a=\dimen145
\var@@temp@spread=\dimen146
\var@@temp@a=\dimen147
\flushend@@page@rule=\dimen148
\flushend@@varbox@a=\box32
\flushend@@varbox@c=\box33
\flushend@@tempbox@a=\box34
\flushend@@tempbox@c=\box35
\@viper=\box36
\hold@viper=\box37
\atColsBreak=\toks27
\atColsEnd=\toks28

(D:\latex\miktex\tex\latex\etoolbox\etoolbox.sty
Package: etoolbox 2015/08/02 v2.2a e-TeX tools for LaTeX (JAW)
\etb@tempcnta=\count122
))
(D:\latex\miktex\tex\latex\listings\listings.sty
\lst@mode=\count123
\lst@gtempboxa=\box38
\lst@token=\toks29
\lst@length=\count124
\lst@currlwidth=\dimen149
\lst@column=\count125
\lst@pos=\count126
\lst@lostspace=\dimen150
\lst@width=\dimen151
\lst@newlines=\count127
\lst@lineno=\count128
\lst@maxwidth=\dimen152

(D:\latex\miktex\tex\latex\listings\lstmisc.sty
File: lstmisc.sty 2015/06/04 1.6 (Carsten Heinz)
\c@lstnumber=\count129
\lst@skipnumbers=\count130
\lst@framebox=\box39
)
(D:\latex\miktex\tex\latex\listings\listings.cfg
File: listings.cfg 2015/06/04 1.6 listings configuration
))
Package: listings 2015/06/04 1.6 (Carsten Heinz)

(D:\latex\miktex\tex\latex\tools\verbatim.sty
Package: verbatim 2014/10/28 v1.5q LaTeX2e package for verbatim enhancements
\every@verbatim=\toks30
\verbatim@line=\toks31
\verbatim@in@stream=\read1
)
\c@definition=\count131
\c@proof=\count132
\c@theorem=\count133
\c@lemma=\count134
\c@example=\count135
\c@remark=\count136
 (placement.aux)
\openout1 = `placement.aux'.

LaTeX Font Info:    Checking defaults for OML/cmm/m/it on input line 39.
LaTeX Font Info:    ... okay on input line 39.
LaTeX Font Info:    Checking defaults for T1/cmr/m/n on input line 39.
LaTeX Font Info:    ... okay on input line 39.
LaTeX Font Info:    Checking defaults for OT1/cmr/m/n on input line 39.
LaTeX Font Info:    ... okay on input line 39.
LaTeX Font Info:    Checking defaults for OMS/cmsy/m/n on input line 39.
LaTeX Font Info:    ... okay on input line 39.
LaTeX Font Info:    Checking defaults for OMX/cmex/m/n on input line 39.
LaTeX Font Info:    ... okay on input line 39.
LaTeX Font Info:    Checking defaults for U/cmr/m/n on input line 39.
LaTeX Font Info:    ... okay on input line 39.

-- Lines per column: 56 (exact).
(D:\latex\miktex\tex\context\base\supp-pdf.mkii
[Loading MPS to PDF converter (version 2006.09.02).]
\scratchcounter=\count137
\scratchdimen=\dimen153
\scratchbox=\box40
\nofMPsegments=\count138
\nofMParguments=\count139
\everyMPshowfont=\toks32
\MPscratchCnt=\count140
\MPscratchDim=\dimen154
\MPnumerator=\count141
\makeMPintoPDFobject=\count142
\everyMPtoPDFconversion=\toks33
) (D:\latex\miktex\tex\generic\oberdiek\pdftexcmds.sty
Package: pdftexcmds 2016/05/21 v0.22 Utility functions of pdfTeX for LuaTeX (HO
)

(D:\latex\miktex\tex\generic\oberdiek\ifluatex.sty
Package: ifluatex 2016/05/16 v1.4 Provides the ifluatex switch (HO)
Package ifluatex Info: LuaTeX not detected.
)
(D:\latex\miktex\tex\generic\oberdiek\ifpdf.sty
Package: ifpdf 2016/05/14 v3.1 Provides the ifpdf switch
)
Package pdftexcmds Info: LuaTeX not detected.
Package pdftexcmds Info: \pdf@primitive is available.
Package pdftexcmds Info: \pdf@ifprimitive is available.
Package pdftexcmds Info: \pdfdraftmode found.
)
(D:\latex\miktex\tex\latex\oberdiek\epstopdf-base.sty
Package: epstopdf-base 2016/05/15 v2.6 Base part for package epstopdf

(D:\latex\miktex\tex\latex\oberdiek\grfext.sty
Package: grfext 2016/05/16 v1.2 Manage graphics extensions (HO)

(D:\latex\miktex\tex\generic\oberdiek\kvdefinekeys.sty
Package: kvdefinekeys 2016/05/16 v1.4 Define keys (HO)
))
(D:\latex\miktex\tex\latex\oberdiek\kvoptions.sty
Package: kvoptions 2016/05/16 v3.12 Key value format for package options (HO)

(D:\latex\miktex\tex\generic\oberdiek\kvsetkeys.sty
Package: kvsetkeys 2016/05/16 v1.17 Key value parser (HO)

(D:\latex\miktex\tex\generic\oberdiek\etexcmds.sty
Package: etexcmds 2016/05/16 v1.6 Avoid name clashes with e-TeX commands (HO)
Package etexcmds Info: Could not find \expanded.
(etexcmds)             That can mean that you are not using pdfTeX 1.50 or
(etexcmds)             that some package has redefined \expanded.
(etexcmds)             In the latter case, load this package earlier.
)))
Package grfext Info: Graphics extension search list:
(grfext)             [.png,.pdf,.jpg,.mps,.jpeg,.jbig2,.jb2,.PNG,.PDF,.JPG,.JPE
G,.JBIG2,.JB2,.eps]
(grfext)             \AppendGraphicsExtensions on input line 456.
)
\c@lstlisting=\count143

<fig/topology.pdf, id=1, 597.432pt x 298.716pt>
File: fig/topology.pdf Graphic file (type pdf)
 <use fig/topology.pdf>
Package pdftex.def Info: fig/topology.pdf used on input line 95.
(pdftex.def)             Requested size: 231.26378pt x 115.63274pt.
 [1{C:/ProgramData/MiKTeX/2.9/pdftex/config/pdftex.map}


] [2 <./fig/topology.pdf>]
LaTeX Font Info:    Try loading font information for U+msa on input line 140.

(D:\latex\miktex\tex\latex\amsfonts\umsa.fd
File: umsa.fd 2013/01/14 v3.01 AMS symbols A
)
LaTeX Font Info:    Try loading font information for U+msb on input line 140.

(D:\latex\miktex\tex\latex\amsfonts\umsb.fd
File: umsb.fd 2013/01/14 v3.01 AMS symbols B
)
<fig/tagmodel.pdf, id=248, 205.9695pt x 68.05426pt>
File: fig/tagmodel.pdf Graphic file (type pdf)
 <use fig/tagmodel.pdf>
Package pdftex.def Info: fig/tagmodel.pdf used on input line 144.
(pdftex.def)             Requested size: 252.94499pt x 83.57538pt.

Overfull \hbox (0.94499pt too wide) in paragraph at lines 144--145
 [][] 
 []

LaTeX Font Info:    Try loading font information for OMS+ptm on input line 149.

(D:\latex\miktex\tex\latex\psnfss\omsptm.fd
File: omsptm.fd 
)
LaTeX Font Info:    Font shape `OMS/ptm/m/n' in size <10> not available
(Font)              Font shape `OMS/cmsy/m/n' tried instead on input line 149.

<fig/chain.pdf, id=249, 157.78949pt x 46.37325pt>
File: fig/chain.pdf Graphic file (type pdf)
 <use fig/chain.pdf>
Package pdftex.def Info: fig/chain.pdf used on input line 165.
(pdftex.def)             Requested size: 216.81pt x 63.722pt.
 [3 <./fig/tagmodel.pdf> <./fig/chain.pdf

pdfTeX warning: pdflatex.exe (file ./fig/chain.pdf): PDF inclusion: multiple pd
fs with page group included in a single page
>] <fig/abstraction.pdf, id=318, 264.38774pt x 105.39375pt>
File: fig/abstraction.pdf Graphic file (type pdf)

<use fig/abstraction.pdf>
Package pdftex.def Info: fig/abstraction.pdf used on input line 180.
(pdftex.def)             Requested size: 252.94499pt x 100.83589pt.

Overfull \hbox (0.94499pt too wide) in paragraph at lines 180--181
 [][] 
 []

<fig/bandwidth_requirement.pdf, id=319, 779.31152pt x 632.3625pt>
File: fig/bandwidth_requirement.pdf Graphic file (type pdf)

<use fig/bandwidth_requirement.pdf>
Package pdftex.def Info: fig/bandwidth_requirement.pdf used on input line 229.
(pdftex.def)             Requested size: 231.2624pt x 180.66904pt.
 [4 <./fig/abstraction.pdf>]
Missing character: There is no ‚ in font cmr10!
Missing character: There is no Å in font cmr10!
Missing character: There is no ° in font cmr10!
Missing character: There is no ‚ in font ptmr7t!
Missing character: There is no Ä in font ptmr7t!
Missing character: There is no ô in font ptmr7t!
Missing character: There is no ‚ in font ptmr7t!
Missing character: There is no Ä in font ptmr7t!
Missing character: There is no ô in font ptmr7t!

<fig/exchange_example.pdf, id=384, 1367.1075pt x 867.84222pt>
File: fig/exchange_example.pdf Graphic file (type pdf)

<use fig/exchange_example.pdf>
Package pdftex.def Info: fig/exchange_example.pdf used on input line 304.
(pdftex.def)             Requested size: 252.94499pt x 160.56154pt.

Overfull \hbox (0.94499pt too wide) in paragraph at lines 304--305
 [][] 
 []

[5 <./fig/bandwidth_requirement.pdf>]
Underfull \vbox (badness 3323) has occurred while \output is active []

 [6 <./fig/exchange_example.pdf>]
Underfull \hbox (badness 6741) in paragraph at lines 377--378
[] \OT1/ptm/b/n/10 if \OT1/ptm/m/n/10 AvailableVM(v)$\OML/cmm/m/it/10 <$\OT1/pt
m/m/n/10 TotalVM($\OML/cmm/m/it/10 N[]$\OT1/ptm/m/n/10 ,$\OML/cmm/m/it/10 N[]$\
OT1/ptm/m/n/10 )
 []


Overfull \hbox (20.73102pt too wide) in paragraph at lines 381--382
[] \OT1/ptm/m/n/10 ExchangeMbApp($\OML/cmm/m/it/10 N[]$\OT1/ptm/m/n/10 ,$\OML/c
mm/m/it/10 N[]$\OT1/ptm/m/n/10 ,$\OML/cmm/m/it/10 N[]$\OT1/ptm/m/n/10 ,$\OML/cm
m/m/it/10 N[]$\OT1/ptm/m/n/10 ) 
 []

Missing character: There is no ‚ in font ptmr7t!
Missing character: There is no Ä in font ptmr7t!
Missing character: There is no ô in font ptmr7t!
Missing character: There is no ‚ in font ptmr7t!
Missing character: There is no Ä in font ptmr7t!
Missing character: There is no ô in font ptmr7t!
<fig/accept_rate_bin.pdf, id=504, 950.3505pt x 661.2705pt>
File: fig/accept_rate_bin.pdf Graphic file (type pdf)

<use fig/accept_rate_bin.pdf>
Package pdftex.def Info: fig/accept_rate_bin.pdf used on input line 435.
(pdftex.def)             Requested size: 231.26453pt x 144.53148pt.

<fig/accept_rate_bex.pdf, id=505, 950.3505pt x 661.2705pt>
File: fig/accept_rate_bex.pdf Graphic file (type pdf)

<use fig/accept_rate_bex.pdf>
Package pdftex.def Info: fig/accept_rate_bex.pdf used on input line 444.
(pdftex.def)             Requested size: 231.26453pt x 144.53148pt.

<fig/vm_util_bin.pdf, id=506, 950.3505pt x 661.2705pt>
File: fig/vm_util_bin.pdf Graphic file (type pdf)

<use fig/vm_util_bin.pdf>
Package pdftex.def Info: fig/vm_util_bin.pdf used on input line 455.
(pdftex.def)             Requested size: 231.26453pt x 144.53148pt.

<fig/vm_util_bex.pdf, id=507, 950.3505pt x 661.2705pt>
File: fig/vm_util_bex.pdf Graphic file (type pdf)

<use fig/vm_util_bex.pdf>
Package pdftex.def Info: fig/vm_util_bex.pdf used on input line 459.
(pdftex.def)             Requested size: 231.26453pt x 144.53148pt.

<fig/high_bw_util.pdf, id=508, 1094.89055pt x 878.08049pt>
File: fig/high_bw_util.pdf Graphic file (type pdf)

<use fig/high_bw_util.pdf>
Package pdftex.def Info: fig/high_bw_util.pdf used on input line 469.
(pdftex.def)             Requested size: 173.44756pt x 139.10231pt.

<fig/low_bw_util.pdf, id=509, 1094.89055pt x 878.08049pt>
File: fig/low_bw_util.pdf Graphic file (type pdf)

<use fig/low_bw_util.pdf>
Package pdftex.def Info: fig/low_bw_util.pdf used on input line 472.
(pdftex.def)             Requested size: 180.67499pt x 144.89043pt.
 [7]
Missing character: There is no ‚ in font ptmr7t!
Missing character: There is no Ä in font ptmr7t!
Missing character: There is no ô in font ptmr7t!

Underfull \vbox (badness 2285) has occurred while \output is active []

 [8 <./fig/accept_rate_bin.pdf> <./fig/accept_rate_bex.pdf

pdfTeX warning: pdflatex.exe (file ./fig/accept_rate_bex.pdf): PDF inclusion: m
ultiple pdfs with page group included in a single page
> <./fig/vm_util_bin.pdf

pdfTeX warning: pdflatex.exe (file ./fig/vm_util_bin.pdf): PDF inclusion: multi
ple pdfs with page group included in a single page
> <./fig/vm_util_bex.pdf

pdfTeX warning: pdflatex.exe (file ./fig/vm_util_bex.pdf): PDF inclusion: multi
ple pdfs with page group included in a single page
>]
Missing character: There is no ‚ in font ptmr7t!
Missing character: There is no Ä in font ptmr7t!
Missing character: There is no ô in font ptmr7t!
 (placement.bbl
Underfull \hbox (badness 10000) in paragraph at lines 69--72
[]\OT1/ptm/m/n/8 I. web por-tal, ``Net-work func-tions vir-tu-al-i-sa-tion.'' i
n
 []


Underfull \hbox (badness 10000) in paragraph at lines 69--72
\OT1/ptm/m/it/8 http://portal.etsi.org/portal/server.pt/community/NFV/367, Re-t
rieved
 []

[9 <./fig/high_bw_util.pdf> <./fig/low_bw_util.pdf

pdfTeX warning: pdflatex.exe (file ./fig/low_bw_util.pdf): PDF inclusion: multi
ple pdfs with page group included in a single page
>])
Underfull \vbox (badness 4303) has occurred while \output is active []


<fig/scalability.pdf, id=796, 214.55156pt x 100.87688pt>
File: fig/scalability.pdf Graphic file (type pdf)

<use fig/scalability.pdf>
Package pdftex.def Info: fig/scalability.pdf used on input line 542.
(pdftex.def)             Requested size: 238.49121pt x 112.13472pt.


** Conference Paper **
Before submitting the final camera ready copy, remember to:

 1. Manually equalize the lengths of two columns on the last page
 of your paper;

 2. Ensure that any PostScript and/or PDF output post-processing
 uses only Type 1 fonts and that every step in the generation
 process uses the appropriate paper size.

- LAST -
Extra skip:4.83105pt
Left:588.89993pt/2.16492pt
Right:584.06888pt/2.16492pt
Output:587.4844pt
[10 <./fig/scalability.pdf>] (placement.aux) ) 
Here is how much of TeX's memory you used:
 5895 strings out of 493335
 84838 string characters out of 3144450
 180975 words of memory out of 3000000
 9312 multiletter control sequences out of 15000+200000
 42712 words of font info for 87 fonts, out of 3000000 for 9000
 1141 hyphenation exceptions out of 8191
 38i,9n,32p,1709b,287s stack positions out of 5000i,500n,10000p,200000b,50000s
{D:/latex/miktex/fonts/enc/dvips/
fontname/8r.enc}<D:/latex/miktex/fonts/type1/public/amsfonts/cm/cmex10.pfb><D:/
latex/miktex/fonts/type1/public/amsfonts/cm/cmmi10.pfb><D:/latex/miktex/fonts/t
ype1/public/amsfonts/cm/cmmi5.pfb><D:/latex/miktex/fonts/type1/public/amsfonts/
cm/cmmi6.pfb><D:/latex/miktex/fonts/type1/public/amsfonts/cm/cmmi7.pfb><D:/late
x/miktex/fonts/type1/public/amsfonts/cm/cmmi8.pfb><D:/latex/miktex/fonts/type1/
public/amsfonts/cm/cmr10.pfb><D:/latex/miktex/fonts/type1/public/amsfonts/cm/cm
r5.pfb><D:/latex/miktex/fonts/type1/public/amsfonts/cm/cmr7.pfb><D:/latex/mikte
x/fonts/type1/public/amsfonts/cm/cmr8.pfb><D:/latex/miktex/fonts/type1/public/a
msfonts/cm/cmsy10.pfb><D:/latex/miktex/fonts/type1/public/amsfonts/cm/cmsy7.pfb
><D:/latex/miktex/fonts/type1/urw/times/utmb8a.pfb><D:/latex/miktex/fonts/type1
/urw/times/utmbi8a.pfb><D:/latex/miktex/fonts/type1/urw/times/utmr8a.pfb><D:/la
tex/miktex/fonts/type1/urw/times/utmri8a.pfb>
Output written on placement.pdf (10 pages, 1711019 bytes).
PDF statistics:
 912 PDF objects out of 1000 (max. 8388607)
 0 named destinations out of 1000 (max. 500000)
 66 words of extra memory for PDF output out of 10000 (max. 10000000)

